<?xml version="1.0" encoding="UTF-8"?>
<testng-results ignored="0" total="1" passed="1" failed="0" skipped="0">
  <reporter-output>
  </reporter-output>
  <suite started-at="2021-07-15T08:21:50 IST" name="Default suite" finished-at="2021-07-15T08:21:55 IST" duration-ms="5660">
    <groups>
    </groups>
    <test started-at="2021-07-15T08:21:50 IST" name="Default test" finished-at="2021-07-15T08:21:55 IST" duration-ms="5660">
      <class name="parameterization.Demo">
        <test-method signature="test5()[pri:0, instance:parameterization.Demo@6a03bcb1]" started-at="2021-07-15T08:21:50 IST" name="test5" finished-at="2021-07-15T08:21:55 IST" duration-ms="5559" status="PASS">
          <reporter-output>
          </reporter-output>
        </test-method> <!-- test5 -->
      </class> <!-- parameterization.Demo -->
    </test> <!-- Default test -->
  </suite> <!-- Default suite -->
</testng-results>
