<?xml version="1.0" encoding="UTF-8"?>
<testng-results ignored="0" total="1" passed="1" failed="0" skipped="0">
  <reporter-output>
  </reporter-output>
  <suite started-at="2021-07-13T07:48:22 IST" name="Default suite" finished-at="2021-07-13T07:48:28 IST" duration-ms="5694">
    <groups>
    </groups>
    <test started-at="2021-07-13T07:48:22 IST" name="Default test" finished-at="2021-07-13T07:48:28 IST" duration-ms="5694">
      <class name="curd.Getthedata">
        <test-method signature="tc1()[pri:0, instance:curd.Getthedata@21b2e768]" started-at="2021-07-13T07:48:22 IST" name="tc1" finished-at="2021-07-13T07:48:28 IST" duration-ms="5577" status="PASS">
          <reporter-output>
          </reporter-output>
        </test-method> <!-- tc1 -->
      </class> <!-- curd.Getthedata -->
    </test> <!-- Default test -->
  </suite> <!-- Default suite -->
</testng-results>
